0 info it worked if it ends with ok
1 verbose cli [ 'C:\\Program Files\\nodejs\\node.exe',
1 verbose cli   'C:\\Program Files\\nodejs\\node_modules\\npm\\bin\\npm-cli.js',
1 verbose cli   'start' ]
2 info using npm@3.8.3
3 info using node@v5.10.1
4 verbose run-script [ 'prestart', 'start', 'poststart' ]
5 info lifecycle onigiri@1.0.0~prestart: onigiri@1.0.0
6 silly lifecycle onigiri@1.0.0~prestart: no script for prestart, continuing
7 info lifecycle onigiri@1.0.0~start: onigiri@1.0.0
8 verbose lifecycle onigiri@1.0.0~start: unsafe-perm in lifecycle true
9 verbose lifecycle onigiri@1.0.0~start: PATH: C:\Program Files\nodejs\node_modules\npm\bin\node-gyp-bin;C:\Users\nai\Onigiri\node_modules\.bin;C:\Program Files\nodejs;C:\ProgramData\Oracle\Java\javapath;C:\Program Files\Broadcom\Broadcom 802.11 Network Adapter;C:\Program Files (x86)\NVIDIA Corporation\PhysX\Common;C:\Program Files (x86)\Intel\iCLS Client\;C:\Program Files\Intel\iCLS Client\;C:\Windows\system32;C:\Windows;C:\Windows\System32\Wbem;C:\Windows\System32\WindowsPowerShell\v1.0\;C:\Program Files\Intel\Intel(R) Management Engine Components\DAL;C:\Program Files (x86)\Intel\Intel(R) Management Engine Components\DAL;C:\Program Files\Intel\Intel(R) Management Engine Components\IPT;C:\Program Files (x86)\Intel\Intel(R) Management Engine Components\IPT;C:\Program Files\WIDCOMM\Bluetooth Software\;C:\Program Files\WIDCOMM\Bluetooth Software\syswow64;C:\Program Files (x86)\Skype\Phone\;C:\Program Files\Git\cmd;C:\Program Files\Git\bin;C:\Program Files\nodejs\;C:\Users\nai\AppData\Roaming\npm
10 verbose lifecycle onigiri@1.0.0~start: CWD: C:\Users\nai\Onigiri
11 silly lifecycle onigiri@1.0.0~start: Args: [ '/d /s /c', 'cd server/dist && node server.js' ]
12 silly lifecycle onigiri@1.0.0~start: Returned: code: 1  signal: null
13 info lifecycle onigiri@1.0.0~start: Failed to exec start script
14 verbose stack Error: onigiri@1.0.0 start: `cd server/dist && node server.js`
14 verbose stack Exit status 1
14 verbose stack     at EventEmitter.<anonymous> (C:\Program Files\nodejs\node_modules\npm\lib\utils\lifecycle.js:239:16)
14 verbose stack     at emitTwo (events.js:100:13)
14 verbose stack     at EventEmitter.emit (events.js:185:7)
14 verbose stack     at ChildProcess.<anonymous> (C:\Program Files\nodejs\node_modules\npm\lib\utils\spawn.js:24:14)
14 verbose stack     at emitTwo (events.js:100:13)
14 verbose stack     at ChildProcess.emit (events.js:185:7)
14 verbose stack     at maybeClose (internal/child_process.js:850:16)
14 verbose stack     at Process.ChildProcess._handle.onexit (internal/child_process.js:215:5)
15 verbose pkgid onigiri@1.0.0
16 verbose cwd C:\Users\nai\Onigiri
17 error Windows_NT 6.3.9600
18 error argv "C:\\Program Files\\nodejs\\node.exe" "C:\\Program Files\\nodejs\\node_modules\\npm\\bin\\npm-cli.js" "start"
19 error node v5.10.1
20 error npm  v3.8.3
21 error code ELIFECYCLE
22 error onigiri@1.0.0 start: `cd server/dist && node server.js`
22 error Exit status 1
23 error Failed at the onigiri@1.0.0 start script 'cd server/dist && node server.js'.
23 error Make sure you have the latest version of node.js and npm installed.
23 error If you do, this is most likely a problem with the onigiri package,
23 error not with npm itself.
23 error Tell the author that this fails on your system:
23 error     cd server/dist && node server.js
23 error You can get information on how to open an issue for this project with:
23 error     npm bugs onigiri
23 error Or if that isn't available, you can get their info via:
23 error     npm owner ls onigiri
23 error There is likely additional logging output above.
24 verbose exit [ 1, true ]
